O O O O O O B-ORG I-ORG I-ORG I-ORG O Obj-Intent O
O O O O O O Obj-Intent O B-QUANTITY I-QUANTITY O O O
B-ORG O O O
O O B-PRODUCT I-PRODUCT I-PRODUCT Obj-Intent O O O
O O O O O B-PERSON I-PERSON I-PERSON O O B-WORK_OF_ART I-WORK_OF_ART I-WORK_OF_ART O O O O O
B-FAC I-FAC O O Obj-Intent O O O O O
B-ORG I-ORG I-ORG O B-ORG I-ORG I-ORG I-ORG O O O O O O
B-QUANTITY I-QUANTITY O O O O O O
O O Obj-Intent O O O O O
O Obj-Intent O O O O O O O O O
B-DATE I-DATE I-DATE I-DATE O O O O O O O O O
O O O O O O O O O O O Obj-Intent O O
O O O O Obj-Intent O O B-QUANTITY I-QUANTITY O O O B-QUANTITY I-QUANTITY O O O O O
O Obj-Intent O B-WORK_OF_ART I-WORK_OF_ART I-WORK_OF_ART I-WORK_OF_ART O O O O O O O
B-PRODUCT I-PRODUCT O O O O B-PRODUCT I-PRODUCT O Obj-Intent O
B-PERSON I-PERSON O O B-PRODUCT I-PRODUCT I-PRODUCT I-PRODUCT I-PRODUCT I-PRODUCT I-PRODUCT I-PRODUCT I-PRODUCT O O B-ORG O O O
O O O O O O O B-GPE O O O O O Obj-Intent O O O O O O O O
B-ORG O B-WORK_OF_ART I-WORK_OF_ART I-WORK_OF_ART O B-QUANTITY I-QUANTITY O Obj-Intent O O O
B-ORG I-ORG I-ORG I-ORG O Obj-Intent O O
O O O O O O O O O O O O O Obj-Intent O
O O Obj-Intent O B-QUANTITY I-QUANTITY O O
B-GPE O B-FAC I-FAC I-FAC I-FAC O B-QUANTITY I-QUANTITY O O Obj-Intent O Obj-Intent O O
O O O O O O O O Obj-Intent O O O O
O O O O O O B-PERSON O O O O O O O O
O O O O O B-NORP I-NORP O O O O O O O O O O O
O O O Obj-Intent O Obj-Intent O O O O
B-GPE I-GPE O O O O O O O O B-QUANTITY I-QUANTITY O O O O B-TIME I-TIME O O O O O
O O O O O O O O
O O O Obj-Intent O O O O O
O O O O O O O O O Obj-Intent
O B-TIME I-TIME I-TIME O O O O Obj-Intent O O
B-DATE I-DATE I-DATE I-DATE I-DATE I-DATE O B-GPE O O O O O O O
O O O O Obj-Intent O O O O O O
O O O O O O O O O O O
B-PERSON I-PERSON I-PERSON O O O B-ORG I-ORG O O O O O O
O O Obj-Intent O O B-PRODUCT I-PRODUCT I-PRODUCT I-PRODUCT O O O O O O O O
O O Obj-Intent O O O O O
O O O O O O O O O O Obj-Intent O O O
O O O B-WORK_OF_ART I-WORK_OF_ART I-WORK_OF_ART I-WORK_OF_ART I-WORK_OF_ART I-WORK_OF_ART O O O O O O O O
O B-PERSON I-PERSON O O O O O O O O O O O O O
O O O O Obj-Intent O O O O O
B-ORG I-ORG I-ORG I-ORG I-ORG O Obj-Intent O O O O O O
O O B-WORK_OF_ART I-WORK_OF_ART O O O O O O O O Obj-Intent Obj-Intent Obj-Intent O
O O O O O O O O O O O O
O O B-PRODUCT I-PRODUCT I-PRODUCT O O O B-ORG I-ORG I-ORG O O O O O
B-PRODUCT I-PRODUCT I-PRODUCT I-PRODUCT
Obj-Intent O O O O O
O O O O O Obj-Intent O O O O O O
O O B-PERSON O O O O O O O O Obj-Intent O O O O
O O B-NORP I-NORP I-NORP O O
O O Obj-Intent O B-QUANTITY I-QUANTITY O O O B-QUANTITY I-QUANTITY O O O
O O O Obj-Intent O O O O O
B-PERSON I-PERSON O O Obj-Intent O O O O B-PRODUCT I-PRODUCT I-PRODUCT I-PRODUCT I-PRODUCT O O O O O O O O
O O O Obj-Intent
Obj-Intent O O O O O O O O
Obj-Intent O B-PERSON I-PERSON I-PERSON I-PERSON I-PERSON I-PERSON I-PERSON O O O O O O O
O O O O O O O O O Obj-Intent O O O Obj-Intent O O O O
O O O O O O O Obj-Intent O O O
O O O O Obj-Intent O O O O O O
B-PRODUCT I-PRODUCT I-PRODUCT I-PRODUCT I-PRODUCT O O O Obj-Intent O O O O
O O O O O O O O O O O O O O O O O
O O O O O O O O O O O
O O O O O O O O O O O O O
B-DATE I-DATE I-DATE I-DATE I-DATE I-DATE O B-GPE O O O O O O O O
O O O O Obj-Intent O O O
O O O O O O O O O O O O
O O O Obj-Intent O O O O
B-DATE I-DATE I-DATE I-DATE O O O O O O O O O
B-TIME I-TIME I-TIME I-TIME I-TIME I-TIME O O O O O O O O
O O O Obj-Intent O O O
B-TIME I-TIME I-TIME O B-GPE O Obj-Intent O O O
B-PRODUCT I-PRODUCT I-PRODUCT I-PRODUCT I-PRODUCT Obj-Intent Obj-Intent Obj-Intent Obj-Intent O
B-TIME I-TIME I-TIME O O O O O O O O O O O O O O O O O
B-GPE O O B-TIME I-TIME I-TIME O O O O O O
B-GPE I-GPE O O O O O
B-ORG I-ORG O B-ORG I-ORG I-ORG I-ORG I-ORG O O O Obj-Intent O
B-PERSON O B-PERSON I-PERSON O O B-ORG I-ORG I-ORG I-ORG I-ORG O B-QUANTITY I-QUANTITY O O O O O O O O O O
O O B-GPE I-GPE O O O O B-GPE O B-QUANTITY I-QUANTITY O O O O O O O O
B-GPE O O O O
O O Obj-Intent O O
B-PERSON O O O
B-GPE O Obj-Intent O B-QUANTITY I-QUANTITY O O O O O O O O
O Obj-Intent O B-ORG I-ORG I-ORG I-ORG O O O
O O O B-QUANTITY I-QUANTITY O O O Obj-Intent
O Obj-Intent O O O O O O
B-ORG I-ORG O B-DATE I-DATE I-DATE O O O Obj-Intent
O O O O O B-WORK_OF_ART I-WORK_OF_ART I-WORK_OF_ART I-WORK_OF_ART O O O O Obj-Intent O O O O O O O O O
B-PERSON I-PERSON I-PERSON O Obj-Intent O O O
B-DATE I-DATE I-DATE O Obj-Intent O O O
O O O O O O O O O O O O O O B-WORK_OF_ART I-WORK_OF_ART O Obj-Intent O O O
B-DATE I-DATE O Obj-Intent O O O O O
O O O O O O O O O O O O O O O O O
B-PRODUCT I-PRODUCT I-PRODUCT I-PRODUCT O Obj-Intent O O O O
O O O O B-QUANTITY I-QUANTITY I-QUANTITY O O
B-DATE I-DATE I-DATE O B-ORG I-ORG I-ORG O B-QUANTITY I-QUANTITY O O O O O O O O
B-WORK_OF_ART I-WORK_OF_ART I-WORK_OF_ART O B-TIME I-TIME I-TIME O O O O O O O
O O O O O O O O O Obj-Intent O O O O O O
O O Obj-Intent O O
B-PRODUCT I-PRODUCT I-PRODUCT I-PRODUCT I-PRODUCT I-PRODUCT I-PRODUCT I-PRODUCT O O Obj-Intent O
Obj-Intent O O O O
O O Obj-Intent O O O
O O O O B-GPE I-GPE I-GPE O O O O O O Obj-Intent O O
O O O O O O O O O O O B-QUANTITY
B-ORG I-ORG I-ORG O O O O O
B-DATE I-DATE O B-PERSON I-PERSON I-PERSON O O O O O O O O O O O O O
B-PRODUCT I-PRODUCT I-PRODUCT I-PRODUCT I-PRODUCT O O Obj-Intent
O O Obj-Intent O Obj-Intent O O O
O O O O O B-QUANTITY I-QUANTITY Obj-Intent O O
B-GPE O O B-TIME I-TIME I-TIME O O O O O O O O O
B-GPE O O O O O Obj-Intent O B-TIME I-TIME O O O O O
B-GPE O O O O O O
B-PERSON I-PERSON I-PERSON O B-GPE O O O B-QUANTITY I-QUANTITY O
O O O O O O O B-ORG I-ORG O O O O O O O O O O
O O O Obj-Intent O B-QUANTITY I-QUANTITY O O O O
O O O O O O O O O Obj-Intent O O O O O
B-QUANTITY I-QUANTITY O O O B-QUANTITY I-QUANTITY
O O O O O Obj-Intent O O O O
O O O O O O O O O Obj-Intent O O O O
B-PERSON I-PERSON I-PERSON O O O Obj-Intent O O O O O O
B-GPE I-GPE I-GPE O B-PERSON Obj-Intent O B-QUANTITY I-QUANTITY O O Obj-Intent O O O
B-LOC I-LOC O Obj-Intent O O O O
B-PERSON I-PERSON I-PERSON O B-PERSON I-PERSON I-PERSON O O O O O O O O O
B-GPE O B-FAC O Obj-Intent O O O O
B-PRODUCT I-PRODUCT O O O O O O O O O O O O
B-QUANTITY I-QUANTITY O O B-QUANTITY I-QUANTITY
B-GPE I-GPE I-GPE O B-QUANTITY I-QUANTITY O O Obj-Intent O O O O O O O O
O O O B-QUANTITY I-QUANTITY O O O B-QUANTITY I-QUANTITY O O
B-PRODUCT I-PRODUCT I-PRODUCT I-PRODUCT I-PRODUCT I-PRODUCT I-PRODUCT O O Obj-Intent O
B-PERSON I-PERSON I-PERSON O Obj-Intent O O O O O
B-GPE O O O O O Obj-Intent O O O O O O
O O O O O O Obj-Intent O B-TIME I-TIME I-TIME O O O O
O O O O O O O O Obj-Intent
B-PRODUCT I-PRODUCT O B-ORDINAL I-ORDINAL I-ORDINAL O Obj-Intent
O O O B-PRODUCT I-PRODUCT O B-PRODUCT I-PRODUCT O O O O
O O B-QUANTITY I-QUANTITY O O
B-PRODUCT I-PRODUCT O O O O O O
O O O O B-QUANTITY I-QUANTITY O O B-QUANTITY I-QUANTITY
B-QUANTITY I-QUANTITY O O O O O O Obj-Intent O O O O O
O O O Obj-Intent O B-QUANTITY I-QUANTITY O O Obj-Intent O O O
O O O O O O O O
O Obj-Intent O B-PRODUCT I-PRODUCT O B-PERSON I-PERSON O O O O O O O
O O O B-TIME I-TIME I-TIME O O O O O O O O O O
O Obj-Intent O B-QUANTITY I-QUANTITY O O O
O O B-QUANTITY I-QUANTITY O O Obj-Intent O B-TIME I-TIME O O O O O
Obj-Intent O O O O O O O
O O O Obj-Intent O O O
B-PRODUCT I-PRODUCT I-PRODUCT O O O O O O O O O O O O O O O O O
B-TIME I-TIME I-TIME O O O O O O O
B-DATE I-DATE O O B-GPE O O O O Obj-Intent O B-QUANTITY I-QUANTITY O O Obj-Intent O O O
O B-PRODUCT O B-QUANTITY I-QUANTITY O O Obj-Intent O O O
B-PERSON I-PERSON I-PERSON I-PERSON O O O O B-ORDINAL I-ORDINAL O O O O Obj-Intent O O O O O
B-TIME I-TIME I-TIME O B-PERSON O O O O O O O
B-FAC I-FAC I-FAC O O B-TIME I-TIME I-TIME O Obj-Intent O O O O O
O O B-GPE O B-DATE I-DATE O Obj-Intent O O O O
O O O Obj-Intent O O O O
B-GPE O B-DATE O O O O O O O
O O O O O
O O O O O O O O O
B-GPE O B-LOC I-LOC O B-QUANTITY I-QUANTITY O O Obj-Intent O O O O O O O O
O O O O B-QUANTITY I-QUANTITY O O O
B-PRODUCT I-PRODUCT O B-GPE I-GPE I-GPE O O O O
B-DATE I-DATE I-DATE I-DATE I-DATE I-DATE O B-GPE I-GPE O O O O O O Obj-Intent O
B-PERSON I-PERSON I-PERSON O B-PERSON O B-DATE I-DATE I-DATE O O O Obj-Intent O O O O O O O O
O O O O O O Obj-Intent O O O O O
O O O B-QUANTITY I-QUANTITY Obj-Intent O O
B-DATE I-DATE I-DATE O O Obj-Intent O O O
B-LOC I-LOC O O O O O B-QUANTITY I-QUANTITY O O B-QUANTITY I-QUANTITY
O O O O O O O O O O
B-PERSON I-PERSON O O Obj-Intent O B-ORG I-ORG O O O O O O O O O
B-ORG I-ORG I-ORG O O O O
O O O O O O O O O O B-PRODUCT I-PRODUCT I-PRODUCT I-PRODUCT I-PRODUCT I-PRODUCT I-PRODUCT I-PRODUCT O B-GPE O O O O
B-PERSON I-PERSON I-PERSON O O Obj-Intent O O O O O O
O O
B-DATE I-DATE I-DATE I-DATE I-DATE I-DATE O O O O O O O O
O O O O O
O O O Obj-Intent O B-DATE I-DATE I-DATE O B-QUANTITY I-QUANTITY O O O O O O O O
B-ORG I-ORG O O O B-TIME I-TIME I-TIME O O O O O O O
O O O B-QUANTITY I-QUANTITY O O B-QUANTITY I-QUANTITY Obj-Intent
O O Obj-Intent O O
O O O O O B-QUANTITY I-QUANTITY Obj-Intent
O O O Obj-Intent O O O B-ORG I-ORG I-ORG I-ORG I-ORG I-ORG O O O O O O
O O O O O O O O O O O O O O O Obj-Intent
O O O O O O O O O B-PERSON I-PERSON I-PERSON O Obj-Intent O O O O O O O
B-FAC I-FAC I-FAC O O O B-PERSON O B-QUANTITY I-QUANTITY O O O O O O O O O
O O O O Obj-Intent O O
O O O B-QUANTITY I-QUANTITY
O O O O B-QUANTITY I-QUANTITY O O Obj-Intent O O O
B-GPE I-GPE I-GPE O Obj-Intent
O O O O B-QUANTITY O Obj-Intent
O O O B-QUANTITY I-QUANTITY O O O
B-DATE I-DATE O B-PERSON I-PERSON O O O O O
O O O O O O O O O O
B-PRODUCT I-PRODUCT I-PRODUCT I-PRODUCT B-ORG I-ORG I-ORG I-ORG I-ORG
B-PERSON I-PERSON I-PERSON O Obj-Intent O B-PRODUCT I-PRODUCT I-PRODUCT I-PRODUCT O O O O
O O O O O Obj-Intent O O
B-GPE I-GPE I-GPE O O O O O B-ORG I-ORG I-ORG O Obj-Intent O O O O O O O O
O O O O O O O B-PRODUCT O O B-QUANTITY I-QUANTITY Obj-Intent O O O O
O O O Obj-Intent O O O O O
O O O O O O O O O
B-GPE I-GPE I-GPE O Obj-Intent
B-PRODUCT I-PRODUCT O O O O O
B-ORG I-ORG I-ORG O O O O O O O O O O O O O O
O B-EVENT I-EVENT I-EVENT O O O O B-QUANTITY I-QUANTITY O O Obj-Intent O O O O O O O O
O O
O O O Obj-Intent O B-QUANTITY I-QUANTITY O
B-TIME I-TIME O Obj-Intent O O O O
B-DATE I-DATE I-DATE I-DATE O B-GPE I-GPE I-GPE O O O O O O O O O O O
B-TIME I-TIME O B-GPE O Obj-Intent O O O
O O O O
O O O O B-FAC I-FAC I-FAC I-FAC O O O O O
O O O O O O O B-QUANTITY I-QUANTITY Obj-Intent
O O O O Obj-Intent O O
B-PRODUCT I-PRODUCT I-PRODUCT I-PRODUCT I-PRODUCT I-PRODUCT I-PRODUCT
O O O O O O O Obj-Intent
O O O O O O O O
B-ORG O Obj-Intent O B-QUANTITY I-QUANTITY O O O
B-PERSON O O O O O O O O O O O O O O O
B-PERSON I-PERSON I-PERSON O B-DATE I-DATE I-DATE O Obj-Intent O O O
O O O B-PRODUCT I-PRODUCT I-PRODUCT O B-PERSON I-PERSON O Obj-Intent O O O
O O O O B-ORG I-ORG I-ORG I-ORG I-ORG I-ORG I-ORG O O O O O
B-PRODUCT I-PRODUCT I-PRODUCT I-PRODUCT I-PRODUCT O Obj-Intent O O O O
O O O O O O O O O O
B-GPE O O O O O
B-EVENT I-EVENT I-EVENT I-EVENT I-EVENT I-EVENT I-EVENT O O O O
B-DATE I-DATE O O O O O O O O
O O O O O O O O O O Obj-Intent O
B-GPE O B-GPE I-GPE I-GPE O B-QUANTITY I-QUANTITY O O Obj-Intent O O O
O O O O O O B-ORDINAL
O O Obj-Intent O O O
B-PRODUCT I-PRODUCT O Obj-Intent O O O O
B-PRODUCT I-PRODUCT I-PRODUCT O O O O O O O O O O O O
B-DATE I-DATE I-DATE O O O O O O O O O O
O O O B-QUANTITY I-QUANTITY O O
O O Obj-Intent O O
O O O O Obj-Intent O O
B-QUANTITY I-QUANTITY O
O O O O O Obj-Intent O O O O O
B-ORG I-ORG O B-PERSON O O B-PRODUCT I-PRODUCT I-PRODUCT I-PRODUCT I-PRODUCT O O O O
O O O O O O O O
B-NORP I-NORP O O O O O
O Obj-Intent O O O B-PRODUCT I-PRODUCT I-PRODUCT I-PRODUCT O O O
B-PRODUCT I-PRODUCT I-PRODUCT I-PRODUCT O
Obj-Intent O O O O O
O Obj-Intent O B-ORG I-ORG I-ORG I-ORG O O O
B-PRODUCT I-PRODUCT O O O B-PRODUCT O O O O O O O
B-PRODUCT I-PRODUCT I-PRODUCT I-PRODUCT O B-GPE I-GPE I-GPE O O Obj-Intent O O O O
O O O O O O O O Obj-Intent O O O O
B-GPE O B-PRODUCT I-PRODUCT I-PRODUCT O B-QUANTITY I-QUANTITY O O O O O O O O
B-DATE I-DATE I-DATE I-DATE I-DATE I-DATE O B-QUANTITY I-QUANTITY O O O O Obj-Intent O O O O
O O O O O O B-QUANTITY I-QUANTITY
B-ORDINAL I-ORDINAL O B-PERSON I-PERSON I-PERSON O B-PRODUCT O O O
B-DATE I-DATE O O O Obj-Intent
O O O O O O O O O O O Obj-Intent O O O O O O
B-ORG I-ORG I-ORG O O B-PERSON
O O B-WORK_OF_ART I-WORK_OF_ART I-WORK_OF_ART I-WORK_OF_ART O O O
B-TIME I-TIME I-TIME O O O O O O
B-ORG O Obj-Intent O O O O
B-PERSON I-PERSON I-PERSON O O O O O O Obj-Intent O O O O O
O B-DATE I-DATE I-DATE O O O O O O O O O
O O O O O O B-QUANTITY I-QUANTITY O O B-QUANTITY I-QUANTITY O O
B-PERSON I-PERSON I-PERSON I-PERSON I-PERSON O O B-QUANTITY O O Obj-Intent O
B-GPE I-GPE I-GPE I-GPE I-GPE I-GPE O O O O O O O O O O
B-PERSON I-PERSON I-PERSON O Obj-Intent O O O
B-TIME I-TIME I-TIME O B-PERSON I-PERSON I-PERSON O O O O O
O O O O O O O O O B-ORDINAL I-ORDINAL O O O O O
B-WORK_OF_ART I-WORK_OF_ART I-WORK_OF_ART I-WORK_OF_ART
B-PERCENT I-PERCENT I-PERCENT I-PERCENT I-PERCENT O B-ORG I-ORG O Obj-Intent O
O O B-PRODUCT I-PRODUCT I-PRODUCT I-PRODUCT I-PRODUCT I-PRODUCT I-PRODUCT I-PRODUCT I-PRODUCT O O O O O O O
O O O O O O Obj-Intent O O O O O
O O O O O O O O O O O O Obj-Intent O O O O O O
O O O O O O O O Obj-Intent O O O O
B-DATE I-DATE O O O O Obj-Intent O O O O O
O
B-PRODUCT O O O O O O
B-GPE O B-TIME I-TIME I-TIME O Obj-Intent
B-LOC I-LOC Obj-Intent O O O B-ORDINAL I-ORDINAL I-ORDINAL O O O O
O O O O O O O O B-PERSON I-PERSON I-PERSON O O O O O O
O O O O O O O Obj-Intent O O O O
O O O O O O O O O O O O O O O O O
O O
O O O Obj-Intent O O O O O O O O O O O O O
O O O O O O Obj-Intent O O O
B-TIME I-TIME I-TIME O B-ORG O O O O O O O
O O O O O O O B-PERSON I-PERSON I-PERSON I-PERSON O Obj-Intent O O O O O O
B-PERSON I-PERSON I-PERSON O O
B-QUANTITY I-QUANTITY O O B-QUANTITY I-QUANTITY O B-FAC I-FAC I-FAC
O O O O O O O O O O
O O O O O Obj-Intent O O O
O O O O O O O O O O O O O O
B-PRODUCT I-PRODUCT I-PRODUCT I-PRODUCT I-PRODUCT O O O O
B-ORG I-ORG I-ORG I-ORG O B-PERSON I-PERSON I-PERSON I-PERSON I-PERSON
B-ORG I-ORG I-ORG I-ORG I-ORG I-ORG I-ORG I-ORG I-ORG I-ORG I-ORG B-PERSON
B-DATE I-DATE I-DATE I-DATE I-DATE I-DATE O O O O O O O O O O O O O
O O O O O Obj-Intent O O O
B-ORDINAL I-ORDINAL O O O Obj-Intent
B-PERSON I-PERSON I-PERSON I-PERSON I-PERSON O O O O O
B-GPE I-GPE I-GPE O O O O O O B-QUANTITY I-QUANTITY O O O O O O O
O O O O O O O O O Obj-Intent O O O
O O O O B-PERSON O O O O O O
B-PERSON I-PERSON I-PERSON O Obj-Intent O O O O O O
O O O O O O O O O O O O O O O O Obj-Intent
B-QUANTITY I-QUANTITY O O B-QUANTITY I-QUANTITY
B-ORG I-ORG I-ORG I-ORG O O Obj-Intent O O O
O O B-PRODUCT I-PRODUCT I-PRODUCT O O O O O O O O O O O O O O O O O
B-PRODUCT O B-PRODUCT I-PRODUCT O B-PRODUCT I-PRODUCT I-PRODUCT O O O O
B-DATE I-DATE I-DATE I-DATE I-DATE I-DATE O O O O O B-NORP O O O O B-QUANTITY I-QUANTITY O O Obj-Intent O O O
B-TIME I-TIME I-TIME O B-PERSON I-PERSON I-PERSON I-PERSON B-GPE I-GPE I-GPE O O O O O O
O O B-TIME I-TIME I-TIME O O O O O O O O O Obj-Intent O O
B-DATE I-DATE I-DATE I-DATE I-DATE I-DATE O B-ORG I-ORG I-ORG O O O O O O
B-QUANTITY I-QUANTITY O O B-TIME I-TIME I-TIME O O O O O
O O O O O O O
O O O O Obj-Intent O O O
B-QUANTITY I-QUANTITY O O B-QUANTITY I-QUANTITY
O O O O O Obj-Intent O O O O
B-PERSON I-PERSON O O O Obj-Intent O O O O O
Obj-Intent O B-ORG I-ORG I-ORG O O
B-PERSON I-PERSON O O O O O O O O B-PERSON
O O O O O O O O O Obj-Intent O O O
O O O O O O O Obj-Intent O O O
B-PERSON I-PERSON I-PERSON O O O O
B-TIME I-TIME I-TIME O O O O O O O O O
B-PRODUCT I-PRODUCT I-PRODUCT I-PRODUCT O Obj-Intent O O
O O O O B-GPE O O O O O O O O O O
B-ORG O B-WORK_OF_ART I-WORK_OF_ART I-WORK_OF_ART O B-QUANTITY I-QUANTITY O Obj-Intent O O O
B-DATE I-DATE O O Obj-Intent O O O
B-DATE I-DATE I-DATE I-DATE O B-GPE O O O O O O
O
B-PRODUCT I-PRODUCT I-PRODUCT I-PRODUCT I-PRODUCT I-PRODUCT I-PRODUCT I-PRODUCT I-PRODUCT I-PRODUCT
B-PERSON I-PERSON I-PERSON O O Obj-Intent O O O O O O
O O O O O
O O O O O
O O O O O O O O O O B-PRODUCT I-PRODUCT I-PRODUCT I-PRODUCT O O O O O
O O O O O O O Obj-Intent O O O O
O O O B-DATE I-DATE O B-LOC O O O O O O O O
B-ORG I-ORG O O Obj-Intent O O O O O O
O O O O O O O Obj-Intent O O O
B-PRODUCT I-PRODUCT I-PRODUCT I-PRODUCT I-PRODUCT I-PRODUCT
O O
Obj-Intent O O
O O O O O O O O B-TIME I-TIME I-TIME O B-QUANTITY I-QUANTITY O O Obj-Intent O O O
O O O O O Obj-Intent O O O
B-QUANTITY I-QUANTITY O B-QUANTITY I-QUANTITY O O Obj-Intent
O O O O Obj-Intent O O Obj-Intent O O O O
B-WORK_OF_ART I-WORK_OF_ART I-WORK_OF_ART I-WORK_OF_ART I-WORK_OF_ART O B-ORG I-ORG I-ORG I-ORG I-ORG O O O O
O O O O B-PERSON I-PERSON I-PERSON O O O O O O
B-WORK_OF_ART I-WORK_OF_ART I-WORK_OF_ART O O O B-QUANTITY I-QUANTITY O O O
O O B-WORK_OF_ART I-WORK_OF_ART O O O
O O O O O O O O O B-DATE I-DATE I-DATE O B-PERSON O O Obj-Intent O O O O O O O O
O O O O O O O Obj-Intent O O O
O O O O O O
O O O O O O O
B-PERSON O Obj-Intent O B-QUANTITY I-QUANTITY O O O O O O O
O O O O O O Obj-Intent O B-QUANTITY I-QUANTITY O O
B-PERSON O O O O O B-QUANTITY I-QUANTITY O O B-QUANTITY I-QUANTITY
B-ORG I-ORG I-ORG O O O O Obj-Intent O O O O O B-DATE I-DATE O O O O O O O O O
O O B-TIME I-TIME O O O O O O O O O Obj-Intent O O
O Obj-Intent O O
B-ORG I-ORG I-ORG O B-WORK_OF_ART I-WORK_OF_ART I-WORK_OF_ART I-WORK_OF_ART I-WORK_OF_ART I-WORK_OF_ART I-WORK_OF_ART
B-QUANTITY I-QUANTITY O O Obj-Intent O O O O
B-DATE I-DATE O O O O Obj-Intent O B-QUANTITY I-QUANTITY O B-QUANTITY I-QUANTITY O O O O O O O
O O O O O O O O O O Obj-Intent
B-TIME I-TIME O O O O O O
O O O O O O O O Obj-Intent O O O O O O
O O O O O O O O O O O O B-GPE O O O O O O
B-GPE I-GPE O O O O Obj-Intent
O Obj-Intent O O O O
O O
Obj-Intent O B-ORDINAL I-ORDINAL I-ORDINAL O O
B-LOC I-LOC B-FAC I-FAC O O O O O O
O O O O B-QUANTITY I-QUANTITY O O B-QUANTITY I-QUANTITY Obj-Intent
B-ORG I-ORG I-ORG I-ORG I-ORG O B-DATE I-DATE I-DATE O Obj-Intent O O O
O O B-FAC O O B-QUANTITY I-QUANTITY O Obj-Intent O O O O O O
O Obj-Intent O B-ORG I-ORG I-ORG I-ORG O O O O O O O O O
O O O O O O O O O O
B-PRODUCT I-PRODUCT O O O O O O O O O O O O O
B-PERSON I-PERSON I-PERSON O O O Obj-Intent O O O
B-DATE I-DATE I-DATE I-DATE I-DATE I-DATE O B-QUANTITY I-QUANTITY O B-GPE I-GPE O O O B-PRODUCT I-PRODUCT O O O O O O O O
Obj-Intent Obj-Intent Obj-Intent Obj-Intent Obj-Intent Obj-Intent O
O O O O O Obj-Intent O O O
O O O O O O
Obj-Intent O O O
O O O B-QUANTITY I-QUANTITY Obj-Intent O O
O O O
B-TIME I-TIME I-TIME O B-GPE O O O B-PERSON I-PERSON I-PERSON O O Obj-Intent O
O O O O B-PERSON O B-QUANTITY I-QUANTITY
B-PRODUCT I-PRODUCT O O O O O O Obj-Intent
O O O O B-ORDINAL I-ORDINAL I-ORDINAL O Obj-Intent
O O O O O B-QUANTITY I-QUANTITY O O B-QUANTITY I-QUANTITY
B-QUANTITY I-QUANTITY O O O O O O O O O O O Obj-Intent O Obj-Intent O O O O
B-PERSON O O O O O O B-QUANTITY I-QUANTITY O O O B-QUANTITY I-QUANTITY
B-DATE I-DATE I-DATE O B-PERSON I-PERSON I-PERSON O O O O O
B-DATE I-DATE I-DATE I-DATE O B-GPE O O O O O O O O O O O Obj-Intent O O O O O
O O O O O O O O O O O O O O
B-ORDINAL O O O O O O O O O O
O O O O O O
B-GPE O B-ORG I-ORG I-ORG O O O O O O
B-DATE I-DATE I-DATE I-DATE O B-ORG I-ORG I-ORG O B-QUANTITY I-QUANTITY O O O O
O O Obj-Intent O B-QUANTITY I-QUANTITY O O O O B-QUANTITY I-QUANTITY O O
O Obj-Intent O O
O O O O Obj-Intent O O O O O
B-PERSON I-PERSON I-PERSON O O O B-ORDINAL O O Obj-Intent O O O O
B-ORG O O O O O B-QUANTITY I-QUANTITY Obj-Intent
Obj-Intent O B-WORK_OF_ART I-WORK_OF_ART I-WORK_OF_ART O O O O O O O
B-ORG I-ORG I-ORG I-ORG I-ORG O O O O O O
O O O O O O O B-QUANTITY I-QUANTITY O Obj-Intent
O O O O O O O Obj-Intent O O O
B-DATE I-DATE I-DATE I-DATE I-DATE I-DATE O B-GPE I-GPE O O B-GPE O O O O O O O
B-GPE O O O O O O O Obj-Intent O B-QUANTITY O O O O O O O
O O O O
O O O O B-QUANTITY I-QUANTITY O B-QUANTITY I-QUANTITY O O
B-PERSON I-PERSON I-PERSON O Obj-Intent O B-QUANTITY I-QUANTITY O O O O
B-PERSON I-PERSON I-PERSON O Obj-Intent O O O
O O O O O O O O O O O O O O O Obj-Intent O O O O O O
O O Obj-Intent O B-QUANTITY I-QUANTITY O
Obj-Intent O B-PRODUCT I-PRODUCT I-PRODUCT I-PRODUCT I-PRODUCT I-PRODUCT O O O O O O
B-PERSON O O O O O O
B-GPE I-GPE O O O O
O O O O O O Obj-Intent O O O
O O O O O O O O O O O O
O O O O O O Obj-Intent O O
O O O O O O
O O O Obj-Intent
O O Obj-Intent O O O O
O O O O O Obj-Intent O B-PRODUCT O O O O
O O Obj-Intent O O
O O O B-DATE I-DATE I-DATE O B-PERSON I-PERSON O O O Obj-Intent O
B-GPE I-GPE O O O O O
O O O O B-QUANTITY I-QUANTITY O
B-LOC I-LOC O O O O B-QUANTITY I-QUANTITY O O Obj-Intent O O O O O O O
O O O O O O
B-GPE O O O O O O Obj-Intent O O O O O O
O O O O O O O O O O O O O O
O Obj-Intent O O O O B-PERSON I-PERSON I-PERSON O O O
B-GPE I-GPE I-GPE O O B-TIME I-TIME I-TIME O O O O O O
O O O B-QUANTITY I-QUANTITY O O O O B-DATE I-DATE I-DATE
B-GPE O O O O O O O O O
B-PERSON Obj-Intent O O O O O O O O
B-ORG O O O
O O Obj-Intent O B-QUANTITY I-QUANTITY O O O O
O O O O O O O B-PERSON I-PERSON I-PERSON O
O O O O O O O O O O B-ORG
O O O O O O O B-ORDINAL I-ORDINAL I-ORDINAL
B-PERCENT I-PERCENT O O O O
B-GPE O O O O O B-QUANTITY I-QUANTITY O O O B-QUANTITY I-QUANTITY
O O O O B-QUANTITY I-QUANTITY O O O B-QUANTITY I-QUANTITY
O O O O O O B-QUANTITY I-QUANTITY
O O Obj-Intent O B-QUANTITY I-QUANTITY O O O B-QUANTITY I-QUANTITY O O O O
O Obj-Intent O O
O O O O O O O O O O O O Obj-Intent O Obj-Intent O O O O
O O O O O O O O O Obj-Intent
O O O O O O O O O O O O
O O O O O O O O O O O O O O O O O O O O O O O O
O O O B-QUANTITY I-QUANTITY O O B-QUANTITY I-QUANTITY Obj-Intent
O O O B-WORK_OF_ART I-WORK_OF_ART I-WORK_OF_ART O O O O O O
O O O O
O O Obj-Intent O O
Obj-Intent O B-QUANTITY I-QUANTITY O O O
B-PRODUCT I-PRODUCT O O Obj-Intent O O O O O
B-DATE I-DATE I-DATE O O O Obj-Intent O
O O O O O O Obj-Intent O O
B-PERSON I-PERSON I-PERSON I-PERSON O O Obj-Intent O Obj-Intent O O O O
O O O O O
O O O O O O
B-PRODUCT I-PRODUCT I-PRODUCT I-PRODUCT I-PRODUCT O O O O O O
O O O O O O O O O O O O Obj-Intent O O O O
O O O Obj-Intent
O O O O O O O Obj-Intent O O O O
O O O O Obj-Intent O O O O
O O O O O O O O Obj-Intent O O O
B-TIME I-TIME O O B-LOC I-LOC O Obj-Intent
O O B-ORG O O O O O O O O O O O
B-PERSON I-PERSON I-PERSON I-PERSON I-PERSON O Obj-Intent O O
O O Obj-Intent O O O O O
O O O Obj-Intent O O
B-DATE I-DATE I-DATE I-DATE I-DATE I-DATE O O O O O O Obj-Intent O O O O O
O O O O B-QUANTITY I-QUANTITY O O Obj-Intent
O O O O O O O B-WORK_OF_ART I-WORK_OF_ART O O Obj-Intent O
O O O O O O O O B-QUANTITY I-QUANTITY
B-PERSON I-PERSON I-PERSON O O O O O O B-PRODUCT I-PRODUCT I-PRODUCT
O O O O Obj-Intent O B-QUANTITY I-QUANTITY O O
B-ORG O O O O O O
B-ORG I-ORG I-ORG I-ORG I-ORG O Obj-Intent O Obj-Intent O O O O
O O O O B-QUANTITY I-QUANTITY O B-QUANTITY I-QUANTITY O
O Obj-Intent O B-QUANTITY I-QUANTITY O O O
B-PRODUCT O O
O O O O O O O O O Obj-Intent O O O O O O
O Obj-Intent O B-QUANTITY I-QUANTITY O O O B-QUANTITY I-QUANTITY O O O
O O O O O Obj-Intent O B-QUANTITY I-QUANTITY O O
O O O O O O O O O O B-ORG I-ORG O O O O O O O
O O Obj-Intent O B-QUANTITY I-QUANTITY O O O O
O O O B-PRODUCT I-PRODUCT O O O O
O O O O O B-QUANTITY I-QUANTITY O O B-QUANTITY I-QUANTITY
B-ORG I-ORG I-ORG I-ORG I-ORG O B-FAC I-FAC Obj-Intent O B-QUANTITY I-QUANTITY O O Obj-Intent O O O
O O O Obj-Intent O O O O O
B-GPE O Obj-Intent O B-QUANTITY I-QUANTITY O O O O O O O O
O Obj-Intent O O O O O O O O O
O O O O O O O O O O Obj-Intent O O O O
O O O O Obj-Intent O O
B-GPE O B-FAC I-FAC I-FAC O O O O O O O
B-GPE O O O O O O O O B-WORK_OF_ART O O O O O O
B-DATE I-DATE I-DATE O O Obj-Intent O O O O O
B-ORG O B-QUANTITY I-QUANTITY O
Obj-Intent O O O O
B-PERSON O O O O O
O B-FAC I-FAC I-FAC O B-QUANTITY I-QUANTITY
B-ORG I-ORG O O O O O O O O
B-QUANTITY I-QUANTITY O O O B-QUANTITY I-QUANTITY
O O B-ORG I-ORG I-ORG I-ORG O B-PERSON I-PERSON I-PERSON O Obj-Intent O O O O
B-PERSON I-PERSON I-PERSON O Obj-Intent O O O O O O O O O O O
O O O B-QUANTITY I-QUANTITY Obj-Intent O O
O O Obj-Intent O B-QUANTITY I-QUANTITY O O O O O O O O
O O O O O O Obj-Intent
B-PRODUCT I-PRODUCT I-PRODUCT I-PRODUCT O
O Obj-Intent O B-WORK_OF_ART I-WORK_OF_ART I-WORK_OF_ART I-WORK_OF_ART I-WORK_OF_ART O O O O O O O
O O B-GPE I-GPE O O O O O
O O O O Obj-Intent O O O O O O O O O O
B-QUANTITY I-QUANTITY O O B-GPE O O O B-QUANTITY I-QUANTITY Obj-Intent
B-GPE O O B-QUANTITY I-QUANTITY O O O Obj-Intent
O O B-DATE I-DATE O B-GPE O B-ORG I-ORG I-ORG O Obj-Intent O O O O O
O Obj-Intent O B-QUANTITY I-QUANTITY O O
O O
O O O O O B-QUANTITY I-QUANTITY O O B-QUANTITY I-QUANTITY
O O O O O O O O O
B-PERSON I-PERSON I-PERSON I-PERSON I-PERSON O B-QUANTITY O B-QUANTITY I-QUANTITY O O O O O O O O O
Obj-Intent O O O O
Obj-Intent Obj-Intent Obj-Intent Obj-Intent Obj-Intent Obj-Intent O
B-PERSON I-PERSON I-PERSON I-PERSON O B-PERSON O O O O O
B-GPE O B-GPE O O O O O O O O Obj-Intent O O O
O O O O O O O B-PRODUCT I-PRODUCT I-PRODUCT Obj-Intent
O Obj-Intent O B-WORK_OF_ART I-WORK_OF_ART O O O
B-NORP O O O Obj-Intent O B-QUANTITY I-QUANTITY O O O O
O O O Obj-Intent O B-QUANTITY I-QUANTITY O O B-QUANTITY I-QUANTITY O O O O O
O O B-PERSON I-PERSON I-PERSON O O
O O O O O O O O O O O O
B-NORP Obj-Intent
B-GPE I-GPE O O O O O O O
O O O O O O O O O O O O O O O
O O O O O O O B-QUANTITY I-QUANTITY O O O O Obj-Intent
B-DATE I-DATE I-DATE I-DATE I-DATE I-DATE O B-FAC I-FAC I-FAC O O O O O O O
O Obj-Intent O B-QUANTITY I-QUANTITY O O
B-GPE O Obj-Intent O B-QUANTITY I-QUANTITY O O O O O O O O
B-PRODUCT I-PRODUCT I-PRODUCT Obj-Intent O O O O O O
O O Obj-Intent O Obj-Intent O O O
B-PERSON O B-ORG I-ORG I-ORG I-ORG I-ORG O O O O
B-TIME I-TIME I-TIME O O B-QUANTITY I-QUANTITY O O O O O O O O O O O
O Obj-Intent O B-ORG I-ORG I-ORG I-ORG I-ORG I-ORG O O O
O O O O O O Obj-Intent O O O O O O
B-LOC
O Obj-Intent O O O O B-PRODUCT I-PRODUCT O B-WORK_OF_ART I-WORK_OF_ART O O O O O O O O
O O O O
O O O O O O B-WORK_OF_ART I-WORK_OF_ART I-WORK_OF_ART O O O Obj-Intent O O O O O O
O Obj-Intent O O O B-DATE O O O O O O
O O B-WORK_OF_ART I-WORK_OF_ART I-WORK_OF_ART I-WORK_OF_ART I-WORK_OF_ART I-WORK_OF_ART I-WORK_OF_ART I-WORK_OF_ART I-WORK_OF_ART O O O O O O O O O
B-LANGUAGE I-LANGUAGE O B-PERSON I-PERSON I-PERSON O B-PERSON I-PERSON I-PERSON O O O
O O O B-WORK_OF_ART I-WORK_OF_ART I-WORK_OF_ART O O O O O O O O O
O O O Obj-Intent O O O O
O O O O Obj-Intent O B-ORG I-ORG O O O O O O O O O
O O O O O O
O Obj-Intent
B-GPE O O O B-QUANTITY I-QUANTITY O O O Obj-Intent
B-GPE O O O O O O O O
B-PRODUCT I-PRODUCT O B-PRODUCT I-PRODUCT O O O O O O
B-PRODUCT I-PRODUCT I-PRODUCT I-PRODUCT I-PRODUCT I-PRODUCT
B-ORG I-ORG O O O O O
B-PERSON O O O O O O
O O
O O O O Obj-Intent O Obj-Intent O O O
O O Obj-Intent O O O O O O O
B-DATE I-DATE I-DATE I-DATE I-DATE I-DATE O B-LOC I-LOC O O O O O O
O O O O O
B-PERSON I-PERSON O O O O O O O O O O B-PRODUCT I-PRODUCT I-PRODUCT
B-PERSON I-PERSON I-PERSON O O O O O Obj-Intent O O O
Obj-Intent O O O
O O O O B-QUANTITY I-QUANTITY O O B-QUANTITY I-QUANTITY
B-WORK_OF_ART I-WORK_OF_ART O B-ORG I-ORG I-ORG O O O O O O O O O Obj-Intent O O O O O
O O O O O O O O O O O O
B-GPE O O O B-TIME I-TIME Obj-Intent O O O
O O B-LANGUAGE I-LANGUAGE O O
O O O O O O O Obj-Intent O O O O O
O O B-GPE O Obj-Intent
O O O O B-PRODUCT I-PRODUCT O O O O O O O O O O O O O O
O O O O O B-PERSON Obj-Intent O O O O
B-PRODUCT I-PRODUCT I-PRODUCT I-PRODUCT I-PRODUCT
B-PERSON O O O O O O O O Obj-Intent O O O O O
B-PERSON I-PERSON I-PERSON O Obj-Intent O O
B-PRODUCT I-PRODUCT O Obj-Intent O O O O O O O O O
O O O O B-PRODUCT I-PRODUCT O O O
O Obj-Intent O O O O O O O O O O O O O O
O O O O O O O O O O O
B-ORG O Obj-Intent O B-QUANTITY I-QUANTITY O O Obj-Intent O O O
O Obj-Intent O B-PRODUCT I-PRODUCT I-PRODUCT O O O O O O O
O O O O O O Obj-Intent O O
O O O O O O Obj-Intent O O
Obj-Intent O B-QUANTITY I-QUANTITY O O O O O
O O O O O O O O O O B-QUANTITY I-QUANTITY
O O O O O O O O O O Obj-Intent O O O O O
B-GPE O B-GPE O B-QUANTITY I-QUANTITY O O Obj-Intent O O O
Obj-Intent O O O
B-PERSON O O O O O O B-DATE I-DATE I-DATE O O Obj-Intent O O O O O
O O O O O
O O O B-WORK_OF_ART I-WORK_OF_ART I-WORK_OF_ART I-WORK_OF_ART O O O O
B-PERSON I-PERSON O O O O Obj-Intent
B-DATE I-DATE I-DATE I-DATE I-DATE I-DATE O O O O O O O O
O O
O O O O O O O O O Obj-Intent O O O O O O O O O O
B-PRODUCT I-PRODUCT I-PRODUCT O O O B-PRODUCT I-PRODUCT I-PRODUCT O O O O
O Obj-Intent O O
B-DATE I-DATE I-DATE I-DATE I-DATE I-DATE O B-NORP I-NORP O O O O Obj-Intent O O O O
B-GPE O O O O O Obj-Intent O O O
B-PERSON I-PERSON I-PERSON I-PERSON I-PERSON I-PERSON I-PERSON O B-TIME I-TIME I-TIME O B-PERSON O B-PERSON O O
B-ORG I-ORG O O O O O
B-PRODUCT I-PRODUCT I-PRODUCT I-PRODUCT I-PRODUCT I-PRODUCT I-PRODUCT I-PRODUCT I-PRODUCT I-PRODUCT I-PRODUCT B-PRODUCT I-PRODUCT
O O O B-QUANTITY I-QUANTITY
O O O B-TIME I-TIME I-TIME O Obj-Intent O O Obj-Intent O O O O O O
O Obj-Intent O O
O O O O O B-QUANTITY I-QUANTITY O O
O Obj-Intent O O O O O O O O O O
B-PERSON O Obj-Intent O O
B-PERSON I-PERSON I-PERSON O O Obj-Intent O O
O O O O O O O B-PRODUCT
O O O O O O O O O Obj-Intent O O O O O
O O O
Obj-Intent O O
B-PERSON I-PERSON I-PERSON O O O O O O O O
B-WORK_OF_ART I-WORK_OF_ART O O O O O
B-DATE I-DATE I-DATE I-DATE I-DATE I-DATE O O O O O O O O O O O O O O O O O O O O O O
B-ORG I-ORG O O B-NORP O B-NORP O O Obj-Intent O B-QUANTITY I-QUANTITY O O O O
O O O O O O O O O O O O O O O
O O O O O O O O O O O
O O O O O B-QUANTITY I-QUANTITY O O B-QUANTITY I-QUANTITY O O O
O O O O O B-QUANTITY I-QUANTITY O O B-QUANTITY I-QUANTITY
O O Obj-Intent O O
O O O O O Obj-Intent O O O
B-PRODUCT I-PRODUCT I-PRODUCT I-PRODUCT I-PRODUCT I-PRODUCT
O O O O O O O O B-PRODUCT I-PRODUCT O O O O O O O O
O Obj-Intent O O O O O O O O
O O O Obj-Intent O O O O
B-PRODUCT I-PRODUCT
O O O B-TIME I-TIME I-TIME O O O O O O
O O O O O Obj-Intent O O O O O O
O O O O B-ORG I-ORG I-ORG I-ORG I-ORG O O O O O O O O O O
O O O O O O O O
B-GPE O O O O O O O O
B-PERSON I-PERSON I-PERSON I-PERSON I-PERSON O Obj-Intent O O O
B-FAC I-FAC O O O
O O B-WORK_OF_ART I-WORK_OF_ART O O O O O O O Obj-Intent O O O O O
O O O O O O Obj-Intent O O O
B-GPE O B-LOC I-LOC O B-QUANTITY I-QUANTITY O O Obj-Intent O O O
B-PRODUCT I-PRODUCT O
B-DATE I-DATE I-DATE I-DATE I-DATE I-DATE O O O O O O O O O
B-ORG O Obj-Intent O O O
O B-PERSON O O O O O O O O O O O O
B-ORG O O Obj-Intent O O O
O O B-TIME I-TIME I-TIME I-TIME I-TIME O O B-FAC I-FAC O O O O
O O O O B-QUANTITY I-QUANTITY O Obj-Intent
B-EVENT I-EVENT I-EVENT O O O O Obj-Intent O O O O
B-DATE I-DATE I-DATE O B-PERSON I-PERSON O O O
B-PRODUCT I-PRODUCT I-PRODUCT I-PRODUCT I-PRODUCT O B-QUANTITY I-QUANTITY O O B-QUANTITY I-QUANTITY O Obj-Intent O
O O O O O O B-WORK_OF_ART I-WORK_OF_ART I-WORK_OF_ART I-WORK_OF_ART I-WORK_OF_ART O O O O O O
B-PERSON I-PERSON I-PERSON O B-PERSON I-PERSON I-PERSON O O O B-GPE O Obj-Intent O O O O O O
B-GPE O B-DATE I-DATE I-DATE O O
O O O O O O O O O O O
O O O O O O O Obj-Intent O O O O O
O O O O O O O O O O B-ORDINAL I-ORDINAL I-ORDINAL O O O O B-QUANTITY I-QUANTITY O O
O O O O O O O O O
B-GPE O O O Obj-Intent
Obj-Intent O B-QUANTITY I-QUANTITY O O O B-QUANTITY I-QUANTITY O O
B-FAC O O O O
B-GPE O O O O O B-QUANTITY I-QUANTITY O O O O O O O
O O O O O O Obj-Intent O O O O O
B-DATE I-DATE I-DATE I-DATE O B-QUANTITY I-QUANTITY O Obj-Intent O O O
O
O O B-DATE I-DATE I-DATE O O Obj-Intent O O
O B-ORG O B-GPE O O O O O O O O O O O O O O O O
O O O O O O O Obj-Intent
B-DATE I-DATE I-DATE O O Obj-Intent O O O
O O O O B-FAC O O O O O O O O
B-PRODUCT O O O O O Obj-Intent O O O O O
O Obj-Intent O O O O O
B-DATE I-DATE O O O O Obj-Intent
B-WORK_OF_ART I-WORK_OF_ART I-WORK_OF_ART I-WORK_OF_ART
B-ORG O O O O O O O B-QUANTITY Obj-Intent O O O O
B-TIME I-TIME I-TIME O B-LOC I-LOC O O O O O
O O O O O O B-QUANTITY I-QUANTITY O O B-QUANTITY I-QUANTITY O O
B-DATE I-DATE I-DATE I-DATE O B-PERSON I-PERSON I-PERSON O O O O O B-PRODUCT I-PRODUCT I-PRODUCT I-PRODUCT I-PRODUCT I-PRODUCT O O
B-DATE I-DATE I-DATE O O O O O O O O O O
O Obj-Intent O O O O O O O O O O
O O O O O O O O O B-PRODUCT I-PRODUCT I-PRODUCT O O O O
B-ORG I-ORG I-ORG I-ORG I-ORG O O O O O O O O O O
B-PERSON O O O O O O O O O
B-PERSON O O O O O O Obj-Intent O O O O O O O
O O O O O O
B-DATE I-DATE I-DATE O B-PERSON I-PERSON I-PERSON O O Obj-Intent O B-PRODUCT O O O O
O O O O O O Obj-Intent O O O
O O O O O O Obj-Intent O O O O Obj-Intent O O O O
O O O O B-QUANTITY I-QUANTITY O O
O O O O O O Obj-Intent
O O O O O O O
B-PRODUCT I-PRODUCT O O O O B-ORDINAL I-ORDINAL I-ORDINAL O O O O
O O O O O O O B-GPE O B-GPE I-GPE O O Obj-Intent O O O
O O O Obj-Intent O O
O O O O Obj-Intent O O O O O O O
B-PERSON I-PERSON I-PERSON O O O O
B-GPE O B-TIME I-TIME I-TIME O B-QUANTITY I-QUANTITY O O Obj-Intent O Obj-Intent O O O O
B-PRODUCT I-PRODUCT O B-WORK_OF_ART I-WORK_OF_ART O O O
O Obj-Intent
O O O O O B-QUANTITY I-QUANTITY O O B-QUANTITY I-QUANTITY
O O B-DATE O O O O O Obj-Intent
B-GPE O O O O O O O O O O O O
Obj-Intent O O
B-PERSON I-PERSON O Obj-Intent O O O O O
B-QUANTITY I-QUANTITY O
B-GPE I-GPE O O B-QUANTITY I-QUANTITY O O Obj-Intent O Obj-Intent O O O O
O O
O O O O O O Obj-Intent
O O O Obj-Intent O O O O O O
O O Obj-Intent O O O O
B-DATE I-DATE I-DATE I-DATE O B-EVENT I-EVENT I-EVENT I-EVENT I-EVENT O O O O O O O O O O O O
B-QUANTITY I-QUANTITY O O B-QUANTITY I-QUANTITY
O O O O O
O Obj-Intent O O O O O O O
O Obj-Intent O O O O O O
O O O O O O O O O O O O O Obj-Intent O O
B-PRODUCT I-PRODUCT I-PRODUCT I-PRODUCT I-PRODUCT I-PRODUCT I-PRODUCT I-PRODUCT I-PRODUCT I-PRODUCT
O O B-ORG I-ORG I-ORG I-ORG O O O O O O O
B-PRODUCT I-PRODUCT I-PRODUCT O O Obj-Intent O O O O O O
B-LOC I-LOC O O O O O O Obj-Intent O O O
O O O O O O O Obj-Intent O O O O O O
O O O O O O O B-PERCENT I-PERCENT I-PERCENT
O Obj-Intent O B-QUANTITY I-QUANTITY O O
O O O O O O Obj-Intent O O
O O B-PERSON I-PERSON I-PERSON O O O Obj-Intent O O O O O
O Obj-Intent
B-PERSON I-PERSON O O O O O O O O O
B-DATE I-DATE I-DATE O Obj-Intent O O O O
O O O B-QUANTITY I-QUANTITY O O O B-QUANTITY I-QUANTITY O O
B-FAC I-FAC I-FAC I-FAC O O O O O O O O O O O O Obj-Intent O O
O O O B-ORDINAL I-ORDINAL O O Obj-Intent O O O O
B-TIME I-TIME I-TIME O B-PRODUCT I-PRODUCT I-PRODUCT O O O O O O O O O
B-PERSON I-PERSON I-PERSON O O O O O O O O O O O O Obj-Intent
O Obj-Intent O O
B-GPE O O O O O O O O O O
B-DATE I-DATE I-DATE O O O B-QUANTITY O O Obj-Intent O O O O O O O O
B-DATE I-DATE O O O O O O O Obj-Intent O O O O
O O O O O O
B-DATE I-DATE I-DATE I-DATE I-DATE I-DATE O O Obj-Intent O O O O O
O O O B-PRODUCT I-PRODUCT I-PRODUCT O O
B-QUANTITY I-QUANTITY O O O O O Obj-Intent O O O O O O
B-FAC I-FAC I-FAC I-FAC B-GPE O O Obj-Intent O O
O O B-ORG I-ORG I-ORG O O O O
O O O O
O O O O Obj-Intent O B-QUANTITY I-QUANTITY O O O
B-DATE I-DATE I-DATE I-DATE I-DATE I-DATE O O O O O O Obj-Intent O O O O
B-PRODUCT I-PRODUCT I-PRODUCT O O B-PERSON I-PERSON
O O O Obj-Intent O O O
O O B-ORG I-ORG I-ORG I-ORG I-ORG O Obj-Intent O O O
B-PRODUCT I-PRODUCT I-PRODUCT I-PRODUCT I-PRODUCT I-PRODUCT I-PRODUCT I-PRODUCT
B-PRODUCT I-PRODUCT I-PRODUCT I-PRODUCT O O O O O O O O O O O O
O O B-QUANTITY I-QUANTITY Obj-Intent
O O O O O B-QUANTITY I-QUANTITY O O O B-QUANTITY I-QUANTITY O O O O
O O O O O O O Obj-Intent
O O O O O O
O O O O O O O O O B-PERCENT O O Obj-Intent
B-ORG I-ORG O O O O O O
B-DATE I-DATE I-DATE I-DATE O B-GPE O O O O O O Obj-Intent O O O O O
B-GPE O O O O
B-PRODUCT I-PRODUCT O O O O Obj-Intent O O O
O O O O O O O O
O O O O
O O O Obj-Intent O O
Obj-Intent O B-QUANTITY I-QUANTITY O O O B-QUANTITY I-QUANTITY O O O
B-PRODUCT I-PRODUCT I-PRODUCT I-PRODUCT I-PRODUCT I-PRODUCT I-PRODUCT I-PRODUCT Obj-Intent O
O O B-TIME I-TIME O B-QUANTITY I-QUANTITY O O O O O B-ORG I-ORG I-ORG O O O O O O O O O O O
B-EVENT I-EVENT I-EVENT I-EVENT I-EVENT I-EVENT I-EVENT I-EVENT I-EVENT I-EVENT I-EVENT I-EVENT O O O Obj-Intent O O O O
B-TIME I-TIME I-TIME O O O O O O O O O Obj-Intent O O O O O
O O O O O B-ORDINAL I-ORDINAL I-ORDINAL O O O O B-QUANTITY I-QUANTITY O O
B-PERSON I-PERSON O O O O Obj-Intent O O O O O
O O O O O O O O O O O O O B-QUANTITY I-QUANTITY O O Obj-Intent O O
O O O Obj-Intent O O O O O
B-TIME I-TIME I-TIME O O O O O Obj-Intent O B-QUANTITY I-QUANTITY O O O O O
O O O O O O Obj-Intent O O O O O
B-EVENT I-EVENT I-EVENT I-EVENT O O O O B-PRODUCT O Obj-Intent O O O O
B-PRODUCT I-PRODUCT I-PRODUCT I-PRODUCT I-PRODUCT O O O B-PERSON O O O
O O O O O O O O B-WORK_OF_ART I-WORK_OF_ART O B-PERSON I-PERSON I-PERSON O O O
B-PERSON I-PERSON I-PERSON O O O O O O O O
B-DATE I-DATE I-DATE I-DATE I-DATE I-DATE O B-GPE O B-QUANTITY I-QUANTITY O O O Obj-Intent O O O O
O Obj-Intent O O O O O O O O O O O
O O O O O O O O O O O O O O Obj-Intent O O O Obj-Intent O O O O
O O Obj-Intent O O O O O O O O
O O O O B-QUANTITY I-QUANTITY
O O O O O O O O O O O
O O O O O O O Obj-Intent O O O O O
B-NORP I-NORP O O O Obj-Intent O O O O O O
O O O Obj-Intent O B-PRODUCT I-PRODUCT O O O
B-DATE I-DATE I-DATE I-DATE I-DATE I-DATE O O O O O O O O O O
O O O O O Obj-Intent O O
O O B-PRODUCT I-PRODUCT O Obj-Intent O O O O
O O B-GPE I-GPE O O O O O
O O O O O O O O O O
O O O O O Obj-Intent Obj-Intent Obj-Intent Obj-Intent O
O O O O O O B-ORDINAL O O O O O O O O
O O O O O O O O O O O
O O O O O O O O O O O O
B-PERSON I-PERSON I-PERSON I-PERSON I-PERSON I-PERSON I-PERSON I-PERSON I-PERSON O O O O
O O O O O B-PRODUCT O O O O O O
B-DATE I-DATE I-DATE O O O B-GPE O O O O O O
B-GPE O O O B-TIME I-TIME I-TIME O O O Obj-Intent O O O O
O O O O O O O O O Obj-Intent O O O O
O O O Obj-Intent O O O O O O O
O O O O O O O O O
O O O O B-ORDINAL I-ORDINAL I-ORDINAL O O O O B-QUANTITY I-QUANTITY O O
O O O O O Obj-Intent O O
B-PRODUCT I-PRODUCT I-PRODUCT O Obj-Intent O O O O O O O O O O O O Obj-Intent O O O
O O O O Obj-Intent O O
O O O O O O O O O O O O O O O Obj-Intent O O O
B-DATE I-DATE I-DATE O O O O O O O O O O O O
B-DATE I-DATE I-DATE O B-ORG I-ORG I-ORG I-ORG I-ORG O B-PERSON O O B-GPE O O O B-NORP O O O O O O O O O O
O O O O B-QUANTITY I-QUANTITY O Obj-Intent O O
O O O O B-QUANTITY I-QUANTITY O
O B-TIME I-TIME O O O O O O O O O O O
B-PERSON O O O O O O O O O O O O O O O O
B-GPE O Obj-Intent O B-QUANTITY I-QUANTITY O O O O O
O O O B-QUANTITY O Obj-Intent O O O O O O
B-PRODUCT I-PRODUCT I-PRODUCT I-PRODUCT I-PRODUCT
O O O O Obj-Intent O O O
O O Obj-Intent O B-QUANTITY I-QUANTITY O O O B-QUANTITY I-QUANTITY O O O
B-DATE I-DATE O B-PERSON I-PERSON I-PERSON O Obj-Intent O O O O
B-PRODUCT I-PRODUCT I-PRODUCT O B-PRODUCT O O
O O O O Obj-Intent O B-QUANTITY I-QUANTITY O O O O O
O O B-PERSON O Obj-Intent O O O O O O O
Obj-Intent O O O O
B-DATE I-DATE I-DATE O O O O O O O O O Obj-Intent O O O O O O
O O O O O O O O O O O
B-DATE I-DATE I-DATE I-DATE I-DATE I-DATE O B-GPE O O O O O O
Obj-Intent O O O
O O O O
B-PERSON I-PERSON I-PERSON O B-DATE I-DATE I-DATE O Obj-Intent O O O O
O O O O Obj-Intent O O O O O O O O O O O O
B-PRODUCT I-PRODUCT I-PRODUCT I-PRODUCT I-PRODUCT I-PRODUCT I-PRODUCT I-PRODUCT I-PRODUCT B-PERSON I-PERSON
O O O O O O O O O O O O O Obj-Intent O O O O O O
O O O O O O O B-PERSON I-PERSON I-PERSON O Obj-Intent O O O O O O O O O O O
O O O O O O O O Obj-Intent O O O
O O O B-GPE O O O O O O O
B-PERSON Obj-Intent O O O O O O B-QUANTITY I-QUANTITY O O O O O O O O
B-FAC I-FAC O O O O O O O O O O O O B-QUANTITY I-QUANTITY O O O B-QUANTITY I-QUANTITY O O
B-ORG I-ORG I-ORG O O O O O B-QUANTITY I-QUANTITY Obj-Intent O O O O O
O O O B-PRODUCT I-PRODUCT I-PRODUCT O O O
O O O O O O O O O O B-PRODUCT O O Obj-Intent O O O O O O O
O Obj-Intent O B-QUANTITY I-QUANTITY O O
B-ORG O B-TIME I-TIME I-TIME O O O O B-NORP O O Obj-Intent O O O O O O
B-ORG I-ORG I-ORG O B-PERSON I-PERSON I-PERSON O O O O O O O Obj-Intent O O O O O O
B-PRODUCT I-PRODUCT O O O O O O O O O O Obj-Intent
O O Obj-Intent O B-QUANTITY I-QUANTITY O O O O
O O O O O O O O O O O Obj-Intent O O O O
O O O O O O B-NORP O O Obj-Intent O O O O
O O O O O O O B-QUANTITY I-QUANTITY O O O O O B-QUANTITY I-QUANTITY O O
O O O O O O O O B-TIME I-TIME I-TIME O O O O O O O O O O O O O O O Obj-Intent O O O O O
O O O O B-QUANTITY I-QUANTITY O
O O O O O O O O O O O O O
B-PERSON O O Obj-Intent O O O
O B-TIME I-TIME O O O O O Obj-Intent O
Obj-Intent O O
B-ORDINAL I-ORDINAL I-ORDINAL I-ORDINAL I-ORDINAL I-ORDINAL O O O B-QUANTITY I-QUANTITY O O Obj-Intent O O O O O O O O
O O O O Obj-Intent O O O O
B-GPE O O O O O O O O B-QUANTITY I-QUANTITY O O O B-QUANTITY I-QUANTITY O O O O
O O O O O O O Obj-Intent O O O
O O O O O O O O O O Obj-Intent O O
B-ORG I-ORG I-ORG O O O O
O O O O O O B-QUANTITY I-QUANTITY O
O B-ORG I-ORG I-ORG I-ORG O O O O O Obj-Intent O O O O O O
O O O O O O O O O B-PERSON I-PERSON I-PERSON
O O B-WORK_OF_ART I-WORK_OF_ART O O O O B-PRODUCT I-PRODUCT I-PRODUCT O Obj-Intent O O O O O O
Obj-Intent O B-QUANTITY I-QUANTITY O O
B-PERSON I-PERSON O O O O O O
B-GPE O Obj-Intent
Obj-Intent O B-ORG I-ORG I-ORG I-ORG O O B-QUANTITY I-QUANTITY O O O
B-PERSON I-PERSON I-PERSON O B-ORG I-ORG I-ORG I-ORG I-ORG O O O
B-QUANTITY I-QUANTITY O O Obj-Intent O O
O O O O B-QUANTITY I-QUANTITY O
O O O O O O O
O O O O O O O O O O O O O
O O O O B-GPE O O Obj-Intent O O O O O O
O O Obj-Intent O B-QUANTITY I-QUANTITY O O
O Obj-Intent
B-NORP I-NORP O O O O O O
O O O O Obj-Intent O O
B-PERSON O O O O O O O
O O O O O B-QUANTITY I-QUANTITY O O O B-QUANTITY I-QUANTITY O O
B-TIME I-TIME I-TIME O O B-LOC I-LOC O O O O O O O Obj-Intent O O O
B-PRODUCT I-PRODUCT I-PRODUCT I-PRODUCT I-PRODUCT
O O O Obj-Intent
B-PERSON O O O Obj-Intent O
B-WORK_OF_ART I-WORK_OF_ART I-WORK_OF_ART I-WORK_OF_ART I-WORK_OF_ART O O
B-PRODUCT I-PRODUCT I-PRODUCT I-PRODUCT
O Obj-Intent O B-PRODUCT I-PRODUCT O O O O O O
B-TIME I-TIME O O Obj-Intent O O
O O O O
B-PERSON I-PERSON I-PERSON O O
O Obj-Intent O B-ORDINAL I-ORDINAL I-ORDINAL O O O
B-DATE I-DATE I-DATE I-DATE I-DATE I-DATE O O O O O O O O O O O
O Obj-Intent O B-ORG I-ORG I-ORG I-ORG I-ORG O O O
O O O O O
B-PRODUCT I-PRODUCT I-PRODUCT I-PRODUCT I-PRODUCT I-PRODUCT O B-PRODUCT O B-QUANTITY I-QUANTITY O O B-QUANTITY I-QUANTITY O O O O
B-PERSON I-PERSON I-PERSON I-PERSON I-PERSON O Obj-Intent O O O
O B-TIME I-TIME O O O O O O
B-GPE O O B-TIME I-TIME I-TIME O O O O O O O O O
O O O O O Obj-Intent O O
B-PERSON I-PERSON I-PERSON I-PERSON I-PERSON I-PERSON I-PERSON I-PERSON I-PERSON O O O O O O O
B-PRODUCT I-PRODUCT O B-DATE I-DATE O B-LOC O O O O O O O O
B-PRODUCT I-PRODUCT I-PRODUCT I-PRODUCT I-PRODUCT I-PRODUCT O Obj-Intent O O O O
O O O O O O O O O O
B-ORG I-ORG I-ORG I-ORG O O O O O
O O O O O O O O
O O O O O O O O O O O O O O O O O O Obj-Intent
O O O Obj-Intent O O
B-PRODUCT I-PRODUCT I-PRODUCT I-PRODUCT I-PRODUCT I-PRODUCT I-PRODUCT I-PRODUCT I-PRODUCT I-PRODUCT I-PRODUCT I-PRODUCT
B-ORG I-ORG I-ORG I-ORG I-ORG I-ORG I-ORG O O O O Obj-Intent O O O O O O O O O
B-ORG O B-GPE O O O O O O O O
O O Obj-Intent O O
B-ORG I-ORG I-ORG I-ORG I-ORG I-ORG O O O O O O B-QUANTITY I-QUANTITY O O O O O O
B-PRODUCT I-PRODUCT I-PRODUCT I-PRODUCT I-PRODUCT I-PRODUCT I-PRODUCT
B-PRODUCT I-PRODUCT I-PRODUCT I-PRODUCT I-PRODUCT I-PRODUCT O
O O O O O O O O
B-GPE O B-FAC I-FAC O O O O O O O
O O O O O O O Obj-Intent O O O O
B-PRODUCT I-PRODUCT O Obj-Intent O B-PRODUCT I-PRODUCT I-PRODUCT I-PRODUCT O O O O O O
O O B-WORK_OF_ART O B-QUANTITY I-QUANTITY O O O O
O O O O O O O
O O Obj-Intent O Obj-Intent O O
B-TIME I-TIME I-TIME O B-GPE I-GPE I-GPE I-GPE O O O O O O O
O O O Obj-Intent O B-QUANTITY I-QUANTITY O O B-QUANTITY I-QUANTITY O O O
B-GPE O O B-QUANTITY I-QUANTITY O O Obj-Intent O O O O O O O O
B-DATE I-DATE I-DATE O O O O O O O O O
B-GPE I-GPE O O O O
B-PERSON I-PERSON I-PERSON O Obj-Intent O O O O O O O O
O Obj-Intent O O
B-PERSON I-PERSON I-PERSON O B-PERSON I-PERSON I-PERSON I-PERSON I-PERSON O O O O O O
B-PRODUCT I-PRODUCT O Obj-Intent O O B-PERSON O O O O O O O O
Obj-Intent O B-ORG I-ORG O O O O O O
O O O O O O O O O O O O B-WORK_OF_ART I-WORK_OF_ART I-WORK_OF_ART O O O O O O O
O Obj-Intent O O O O O
B-DATE I-DATE I-DATE I-DATE O B-GPE I-GPE O O O O O O O O O O Obj-Intent O
O O B-PRODUCT I-PRODUCT O B-QUANTITY I-QUANTITY O O B-QUANTITY I-QUANTITY O O O
O O Obj-Intent O O O
O O O Obj-Intent O Obj-Intent O O O O
O O O O O O O O O O O O O O O O
O O O O O O Obj-Intent
O O O O O O Obj-Intent O O O O O
O O O O O O O O Obj-Intent
O O O O O B-QUANTITY I-QUANTITY O O Obj-Intent B-ORDINAL
O O O O O O O Obj-Intent O O O O O
O O O O O O
O O O O O O O O
O Obj-Intent O O O O O O O
O Obj-Intent O O O O O
B-ORG I-ORG I-ORG O B-QUANTITY I-QUANTITY O O O O O O
B-PERSON I-PERSON I-PERSON O O O O Obj-Intent O O O O
O O O O O O O O O
B-TIME I-TIME I-TIME I-TIME I-TIME O O O O O O O O O O
O O O O O O O O O O O O Obj-Intent O O O O O
B-WORK_OF_ART I-WORK_OF_ART I-WORK_OF_ART I-WORK_OF_ART I-WORK_OF_ART I-WORK_OF_ART I-WORK_OF_ART I-WORK_OF_ART O O O O O Obj-Intent O O O
B-PERSON I-PERSON I-PERSON O O B-WORK_OF_ART I-WORK_OF_ART I-WORK_OF_ART I-WORK_OF_ART I-WORK_OF_ART I-WORK_OF_ART I-WORK_OF_ART I-WORK_OF_ART I-WORK_OF_ART O O
B-PERSON I-PERSON I-PERSON O O
O O O O O
B-PERSON I-PERSON I-PERSON O Obj-Intent O O O
B-GPE O O O B-QUANTITY I-QUANTITY O
O O O O O O O O Obj-Intent O O O
O O O O O O O O B-ORG I-ORG I-ORG I-ORG I-ORG O Obj-Intent O O O O O
O O Obj-Intent O O O O O
O O O Obj-Intent O O O O O O
B-WORK_OF_ART I-WORK_OF_ART I-WORK_OF_ART O O O O O O B-PERSON I-PERSON O O O O O O
O O O B-QUANTITY I-QUANTITY O O O B-QUANTITY I-QUANTITY O O
B-GPE O O B-PERSON O O O B-TIME I-TIME I-TIME O O O O O O O
B-PERSON O B-QUANTITY I-QUANTITY O O Obj-Intent O O O
B-GPE I-GPE O O O O O
O O O B-GPE I-GPE O O O O
B-GPE I-GPE O O O O O
B-DATE I-DATE O O O O O O O
O O
O O O O O
O O O B-PRODUCT I-PRODUCT I-PRODUCT O O O O O O
B-ORG I-ORG O Obj-Intent O O O O O O
O O B-ORG I-ORG O O O O O O
O O O O O O O O O O O O O O O O O O O
O Obj-Intent O B-QUANTITY I-QUANTITY O O O
O O O O O O O O O O B-QUANTITY O O B-QUANTITY O O O
O O O Obj-Intent O O O O O O
O Obj-Intent O O O B-PRODUCT I-PRODUCT I-PRODUCT I-PRODUCT O O O O
B-PRODUCT I-PRODUCT O O O B-PRODUCT O O O O O O O
O Obj-Intent O B-ORDINAL I-ORDINAL I-ORDINAL O Obj-Intent
O O B-PERSON O O O O O O O O Obj-Intent O O O O O O
B-GPE O B-PERSON O O O O O O
B-FAC I-FAC Obj-Intent O O O
O O O O O O O O
O O O O B-WORK_OF_ART I-WORK_OF_ART I-WORK_OF_ART I-WORK_OF_ART I-WORK_OF_ART O O O Obj-Intent O O O O
B-ORG O Obj-Intent O O O O O O O O O O
B-GPE O O O O
O O Obj-Intent O O
B-GPE O O O O O
O Obj-Intent O
B-GPE O O O O O B-QUANTITY I-QUANTITY Obj-Intent O Obj-Intent O O O
O O O O O O O O O O Obj-Intent O O O O O O O O O
O O O O O Obj-Intent O O
O O O O O B-GPE O O O O O O O O O
B-PRODUCT I-PRODUCT I-PRODUCT I-PRODUCT I-PRODUCT I-PRODUCT Obj-Intent
O O O O O O O O O B-PERCENT I-PERCENT I-PERCENT
O O O O O B-WORK_OF_ART I-WORK_OF_ART I-WORK_OF_ART O O O O
O O
O O
O O O O O B-PERSON I-PERSON I-PERSON I-PERSON I-PERSON O O O
B-PRODUCT I-PRODUCT I-PRODUCT I-PRODUCT O O B-PRODUCT
O O O O O O Obj-Intent O O O O
B-ORG I-ORG I-ORG I-ORG I-ORG I-ORG I-ORG O O O O O O O
O O O O Obj-Intent O O
O Obj-Intent O B-QUANTITY I-QUANTITY O O
B-QUANTITY I-QUANTITY O O O B-QUANTITY I-QUANTITY O Obj-Intent
O O O B-WORK_OF_ART I-WORK_OF_ART I-WORK_OF_ART O O O O O O
B-ORG I-ORG I-ORG I-ORG O O O O O O O O O O
O O O O O O O O O O O O O Obj-Intent O
O B-ORG O O O B-WORK_OF_ART I-WORK_OF_ART I-WORK_OF_ART O O Obj-Intent O
O O O O O O O Obj-Intent O O O
B-PERSON O Obj-Intent O O O
O O O O O O O O Obj-Intent O O
B-GPE I-GPE O O Obj-Intent O O O O O O O O
B-PERSON I-PERSON I-PERSON I-PERSON I-PERSON O O O Obj-Intent O O O O O
B-PERSON O B-PERSON O O O O O O O B-TIME I-TIME O O O O O O O
O O O O O O O O O O O O
O O Obj-Intent O B-ORG O B-PRODUCT I-PRODUCT I-PRODUCT I-PRODUCT O O O O
B-DATE I-DATE I-DATE O Obj-Intent O O O
B-GPE O O O O B-QUANTITY I-QUANTITY O Obj-Intent O O O O
B-GPE I-GPE I-GPE I-GPE O O Obj-Intent O O O O O
B-GPE O O O O O O O B-QUANTITY I-QUANTITY O O Obj-Intent O O O O
B-DATE I-DATE I-DATE O O O O O O O O B-PERSON I-PERSON I-PERSON I-PERSON I-PERSON O O O O
Obj-Intent O O O O O O O O O
O O O O O O O O
O Obj-Intent O B-PRODUCT I-PRODUCT I-PRODUCT I-PRODUCT I-PRODUCT I-PRODUCT O O O O O O
O O B-ORG I-ORG O O O
B-ORG I-ORG I-ORG I-ORG O O O O O O O
B-PERSON I-PERSON I-PERSON O O O O O B-WORK_OF_ART I-WORK_OF_ART O B-PERSON I-PERSON I-PERSON O O O
O O O B-PRODUCT I-PRODUCT O O O O
O O O O O Obj-Intent O O O O O O O
O O O Obj-Intent O B-QUANTITY I-QUANTITY O B-QUANTITY I-QUANTITY O
O O O O O O O
B-PRODUCT I-PRODUCT O O O O
B-GPE O O O O O B-QUANTITY I-QUANTITY O O Obj-Intent O O O O O
O O Obj-Intent O B-QUANTITY I-QUANTITY O O O O O
O O
O O O O O O Obj-Intent O O O
B-PERSON I-PERSON I-PERSON I-PERSON I-PERSON O O B-DATE I-DATE I-DATE O Obj-Intent O O O O
O O B-PRODUCT I-PRODUCT I-PRODUCT I-PRODUCT O O B-QUANTITY I-QUANTITY O O
O O O
O O O O O O O O O O O O O O O O O O O O O O
B-NORP O O O Obj-Intent O O O
O O O O O O O
B-PRODUCT O B-QUANTITY I-QUANTITY O O Obj-Intent O O O O O O O O
B-ORG O O O O O
Obj-Intent O O O O O O O O O O O
B-PERSON I-PERSON I-PERSON O O O O O O B-QUANTITY I-QUANTITY O O Obj-Intent O O O
O Obj-Intent O O O O O O
O O O O O O O O O
B-EVENT I-EVENT I-EVENT O B-LOC I-LOC O B-TIME I-TIME O Obj-Intent O B-QUANTITY I-QUANTITY O O O O
B-GPE I-GPE O O O B-PRODUCT I-PRODUCT I-PRODUCT I-PRODUCT O O O O
B-DATE I-DATE O B-LOC I-LOC O O O O Obj-Intent O O O O O
O O O O O O O O
B-GPE O O O O O O O O Obj-Intent O O O O O O O
B-DATE I-DATE I-DATE I-DATE I-DATE I-DATE O O O O O O O O O
O Obj-Intent O O O O O O O O O O O O
B-PRODUCT I-PRODUCT O O O O O O O O O O
B-GPE O O O O O
O O O B-QUANTITY I-QUANTITY O O B-QUANTITY I-QUANTITY
B-GPE I-GPE O O O O
B-DATE I-DATE I-DATE I-DATE O B-GPE O O O O O
B-DATE I-DATE O Obj-Intent O O O O O
B-LOC I-LOC O B-PRODUCT I-PRODUCT O O O Obj-Intent O B-QUANTITY I-QUANTITY O O O O
O O Obj-Intent O B-QUANTITY I-QUANTITY O O O O O O O
B-ORG I-ORG O O Obj-Intent O O O O O
O O O O O O O Obj-Intent O O O O O
B-ORG O O Obj-Intent O O O O O
Obj-Intent O O O
O O B-GPE O O O O
O Obj-Intent O B-PRODUCT I-PRODUCT I-PRODUCT I-PRODUCT O O O
O O O O O O O O O O O O O O O
B-QUANTITY I-QUANTITY O O O O O O O O O O O O O O O O O O O O O O O O O O
O O O O O O O O O O O B-NORP O O O O O O O O O O O O O O O O O O O
O Obj-Intent
B-ORG I-ORG I-ORG I-ORG I-ORG I-ORG O O O O O Obj-Intent O
O Obj-Intent O B-QUANTITY I-QUANTITY O O
B-ORG I-ORG I-ORG I-ORG I-ORG
B-TIME I-TIME I-TIME O O O O O O O O O O O O O Obj-Intent O O O O O
O O O O Obj-Intent O O O O O O
B-ORG I-ORG I-ORG I-ORG I-ORG I-ORG I-ORG O O O Obj-Intent O O
B-QUANTITY I-QUANTITY O O O O O O
B-DATE I-DATE I-DATE I-DATE O B-GPE I-GPE I-GPE I-GPE O O O O O O O O O O
B-ORG I-ORG I-ORG I-ORG I-ORG O O O O B-PRODUCT I-PRODUCT I-PRODUCT O Obj-Intent O
Obj-Intent O
O Obj-Intent
O B-ORG O O O O O
O Obj-Intent
B-ORG I-ORG O Obj-Intent O O O
B-DATE I-DATE I-DATE I-DATE O B-GPE O O O O O
